#
# There is insufficient memory for the Java Runtime Environment to continue.
# Native memory allocation (malloc) failed to allocate 32744 bytes. Error detail: Chunk::new
# Possible reasons:
#   The system is out of physical RAM or swap space
#   This process is running with CompressedOops enabled, and the Java Heap may be blocking the growth of the native heap
# Possible solutions:
#   Reduce memory load on the system
#   Increase physical memory or swap space
#   Check if swap backing store is full
#   Decrease Java heap size (-Xmx/-Xms)
#   Decrease number of Java threads
#   Decrease Java thread stack sizes (-Xss)
#   Set larger code cache with -XX:ReservedCodeCacheSize=
#   JVM is running with Unscaled Compressed Oops mode in which the Java heap is
#     placed in the first 4GB address space. The Java Heap base address is the
#     maximum limit for the native heap growth. Please use -XX:HeapBaseMinAddress
#     to set the Java Heap base and to place the Java Heap above 4GB virtual address.
# This output file may be truncated or incomplete.
#
#  Out of Memory Error (arena.cpp:168), pid=20972, tid=68380
#
# JRE version: OpenJDK Runtime Environment Corretto-21.0.9.10.1 (21.0.9+10) (build 21.0.9+10-LTS)
# Java VM: OpenJDK 64-Bit Server VM Corretto-21.0.9.10.1 (21.0.9+10-LTS, mixed mode, sharing, tiered, compressed oops, compressed class ptrs, g1 gc, windows-amd64)
# No core dump will be written. Minidumps are not enabled by default on client versions of Windows
#

---------------  S U M M A R Y ------------

Command Line: -javaagent:C:\Program Files\JetBrains\IntelliJ IDEA Community Edition 2025.2.5\lib\idea_rt.jar=49225 -Dfile.encoding=UTF-8 -Dsun.stdout.encoding=UTF-8 -Dsun.stderr.encoding=UTF-8 com.coding.LearningRESTAPIs.LearningRestapIsApplication

Host: Intel(R) Core(TM) i5-8300H CPU @ 2.30GHz, 8 cores, 7G,  Windows 10 , 64 bit Build 19041 (10.0.19041.5915)
Time: Thu Dec 18 00:21:15 2025 India Standard Time elapsed time: 3.072522 seconds (0d 0h 0m 3s)

---------------  T H R E A D  ---------------

Current thread (0x000001a0a01a0620):  JavaThread "C1 CompilerThread0" daemon [_thread_in_native, id=68380, stack(0x0000008201500000,0x0000008201600000) (1024K)]


Current CompileTask:
C1:3072  826       3       java.net.URLStreamHandler::parseURL (1124 bytes)

Stack: [0x0000008201500000,0x0000008201600000]
Native frames: (J=compiled Java code, j=interpreted, Vv=VM code, C=native code)
V  [jvm.dll+0x6de6a9]
V  [jvm.dll+0x8bbdeb]
V  [jvm.dll+0x8be37a]
V  [jvm.dll+0x8bea53]
V  [jvm.dll+0x28a1d6]
V  [jvm.dll+0xc8fdd]
V  [jvm.dll+0xc952c]
V  [jvm.dll+0x1479eb]
V  [jvm.dll+0x146ce7]
V  [jvm.dll+0x1a29e7]
V  [jvm.dll+0x1a2e53]
V  [jvm.dll+0x15d101]
V  [jvm.dll+0x15d346]
V  [jvm.dll+0x15c55c]
V  [jvm.dll+0x15e31d]
V  [jvm.dll+0x26114a]
V  [jvm.dll+0x25f6d5]
V  [jvm.dll+0x3fefbd]
V  [jvm.dll+0x865f4d]
V  [jvm.dll+0x6dcead]
C  [ucrtbase.dll+0x21bb2]
C  [KERNEL32.DLL+0x17374]
C  [ntdll.dll+0x4cc91]


---------------  P R O C E S S  ---------------

Threads class SMR info:
_java_thread_list=0x000001a0a0741ea0, length=12, elements={
0x000001a081429910, 0x000001a0a018dfa0, 0x000001a0a018eeb0, 0x000001a0a0190c70,
0x000001a0a0193950, 0x000001a0a019e3c0, 0x000001a0a019ee10, 0x000001a0a019fb90,
0x000001a0a01a0620, 0x000001a0a0459950, 0x000001a0a0749e10, 0x000001a0a074a870
}

Java Threads: ( => current thread )
  0x000001a081429910 JavaThread "main"                              [_thread_in_vm, id=38400, stack(0x0000008200600000,0x0000008200700000) (1024K)]
  0x000001a0a018dfa0 JavaThread "Reference Handler"          daemon [_thread_blocked, id=69556, stack(0x0000008200e00000,0x0000008200f00000) (1024K)]
  0x000001a0a018eeb0 JavaThread "Finalizer"                  daemon [_thread_blocked, id=38100, stack(0x0000008200f00000,0x0000008201000000) (1024K)]
  0x000001a0a0190c70 JavaThread "Signal Dispatcher"          daemon [_thread_blocked, id=69452, stack(0x0000008201000000,0x0000008201100000) (1024K)]
  0x000001a0a0193950 JavaThread "Attach Listener"            daemon [_thread_blocked, id=13152, stack(0x0000008201100000,0x0000008201200000) (1024K)]
  0x000001a0a019e3c0 JavaThread "Service Thread"             daemon [_thread_blocked, id=18204, stack(0x0000008201200000,0x0000008201300000) (1024K)]
  0x000001a0a019ee10 JavaThread "Monitor Deflation Thread"   daemon [_thread_blocked, id=70332, stack(0x0000008201300000,0x0000008201400000) (1024K)]
  0x000001a0a019fb90 JavaThread "C2 CompilerThread0"         daemon [_thread_in_native, id=62940, stack(0x0000008201400000,0x0000008201500000) (1024K)]
=>0x000001a0a01a0620 JavaThread "C1 CompilerThread0"         daemon [_thread_in_native, id=68380, stack(0x0000008201500000,0x0000008201600000) (1024K)]
  0x000001a0a0459950 JavaThread "Common-Cleaner"             daemon [_thread_blocked, id=50040, stack(0x0000008201600000,0x0000008201700000) (1024K)]
  0x000001a0a0749e10 JavaThread "Monitor Ctrl-Break"         daemon [_thread_in_native, id=25712, stack(0x0000008201700000,0x0000008201800000) (1024K)]
  0x000001a0a074a870 JavaThread "Notification Thread"        daemon [_thread_blocked, id=25792, stack(0x0000008201800000,0x0000008201900000) (1024K)]
Total: 12

Other Threads:
  0x000001a0a016c570 VMThread "VM Thread"                           [id=70288, stack(0x0000008200d00000,0x0000008200e00000) (1024K)]
  0x000001a0a015b370 WatcherThread "VM Periodic Task Thread"        [id=65656, stack(0x0000008200c00000,0x0000008200d00000) (1024K)]
  0x000001a08361cbc0 WorkerThread "GC Thread#0"                     [id=70064, stack(0x0000008200700000,0x0000008200800000) (1024K)]
  0x000001a08362ef50 ConcurrentGCThread "G1 Main Marker"            [id=70476, stack(0x0000008200800000,0x0000008200900000) (1024K)]
  0x000001a08362f960 WorkerThread "G1 Conc#0"                       [id=68168, stack(0x0000008200900000,0x0000008200a00000) (1024K)]
  0x000001a08368e7f0 ConcurrentGCThread "G1 Refine#0"               [id=29352, stack(0x0000008200a00000,0x0000008200b00000) (1024K)]
  0x000001a0a002f540 ConcurrentGCThread "G1 Service"                [id=24336, stack(0x0000008200b00000,0x0000008200c00000) (1024K)]
Total: 7

Threads with active compile tasks:
C2 CompilerThread0  3113  809       4       java.util.jar.JarFile::getEntry (35 bytes)
C1 CompilerThread0  3113  826       3       java.net.URLStreamHandler::parseURL (1124 bytes)
Total: 2

VM state: not at safepoint (normal execution)

VM Mutex/Monitor currently owned by a thread: None

Heap address: 0x0000000082600000, size: 2010 MB, Compressed Oops mode: 32-bit

CDS archive(s) mapped at: [0x000001a0a1000000-0x000001a0a1c80000-0x000001a0a1c80000), size 13107200, SharedBaseAddress: 0x000001a0a1000000, ArchiveRelocationMode: 1.
Compressed class space mapped at: 0x000001a0a2000000-0x000001a0e2000000, reserved size: 1073741824
Narrow klass base: 0x000001a0a1000000, Narrow klass shift: 0, Narrow klass range: 0x100000000

GC Precious Log:
 CardTable entry size: 512
 Card Set container configuration: InlinePtr #cards 5 size 8 Array Of Cards #cards 12 size 40 Howl #buckets 4 coarsen threshold 1843 Howl Bitmap #cards 512 size 80 coarsen threshold 460 Card regions per heap region 1 cards per card region 2048
 CPUs: 8 total, 8 available
 Memory: 8037M
 Large Page Support: Disabled
 NUMA Support: Disabled
 Compressed Oops: Enabled (32-bit)
 Heap Region Size: 1M
 Heap Min Capacity: 8M
 Heap Initial Capacity: 126M
 Heap Max Capacity: 2010M
 Pre-touch: Disabled
 Parallel Workers: 8
 Concurrent Workers: 2
 Concurrent Refinement Workers: 8
 Periodic GC: Disabled

Heap:
 garbage-first heap   total 129024K, used 15360K [0x0000000082600000, 0x0000000100000000)
  region size 1024K, 15 young (15360K), 0 survivors (0K)
 Metaspace       used 3093K, committed 3264K, reserved 1114112K
  class space    used 322K, committed 384K, reserved 1048576K

Heap Regions: E=young(eden), S=young(survivor), O=old, HS=humongous(starts), HC=humongous(continues), CS=collection set, F=free, TAMS=top-at-mark-start, PB=parsable bottom
|   0|0x0000000082600000, 0x0000000082700000, 0x0000000082700000|100%|HS|  |TAMS 0x0000000082600000| PB 0x0000000082600000| Complete 
|   1|0x0000000082700000, 0x0000000082800000, 0x0000000082800000|100%|HS|  |TAMS 0x0000000082700000| PB 0x0000000082700000| Complete 
|   2|0x0000000082800000, 0x0000000082800000, 0x0000000082900000|  0%| F|  |TAMS 0x0000000082800000| PB 0x0000000082800000| Untracked 
|   3|0x0000000082900000, 0x0000000082900000, 0x0000000082a00000|  0%| F|  |TAMS 0x0000000082900000| PB 0x0000000082900000| Untracked 
|   4|0x0000000082a00000, 0x0000000082a00000, 0x0000000082b00000|  0%| F|  |TAMS 0x0000000082a00000| PB 0x0000000082a00000| Untracked 
|   5|0x0000000082b00000, 0x0000000082b00000, 0x0000000082c00000|  0%| F|  |TAMS 0x0000000082b00000| PB 0x0000000082b00000| Untracked 
|   6|0x0000000082c00000, 0x0000000082c00000, 0x0000000082d00000|  0%| F|  |TAMS 0x0000000082c00000| PB 0x0000000082c00000| Untracked 
|   7|0x0000000082d00000, 0x0000000082d00000, 0x0000000082e00000|  0%| F|  |TAMS 0x0000000082d00000| PB 0x0000000082d00000| Untracked 
|   8|0x0000000082e00000, 0x0000000082e00000, 0x0000000082f00000|  0%| F|  |TAMS 0x0000000082e00000| PB 0x0000000082e00000| Untracked 
|   9|0x0000000082f00000, 0x0000000082f00000, 0x0000000083000000|  0%| F|  |TAMS 0x0000000082f00000| PB 0x0000000082f00000| Untracked 
|  10|0x0000000083000000, 0x0000000083000000, 0x0000000083100000|  0%| F|  |TAMS 0x0000000083000000| PB 0x0000000083000000| Untracked 
|  11|0x0000000083100000, 0x0000000083100000, 0x0000000083200000|  0%| F|  |TAMS 0x0000000083100000| PB 0x0000000083100000| Untracked 
|  12|0x0000000083200000, 0x0000000083200000, 0x0000000083300000|  0%| F|  |TAMS 0x0000000083200000| PB 0x0000000083200000| Untracked 
|  13|0x0000000083300000, 0x0000000083300000, 0x0000000083400000|  0%| F|  |TAMS 0x0000000083300000| PB 0x0000000083300000| Untracked 
|  14|0x0000000083400000, 0x0000000083400000, 0x0000000083500000|  0%| F|  |TAMS 0x0000000083400000| PB 0x0000000083400000| Untracked 
|  15|0x0000000083500000, 0x0000000083500000, 0x0000000083600000|  0%| F|  |TAMS 0x0000000083500000| PB 0x0000000083500000| Untracked 
|  16|0x0000000083600000, 0x0000000083600000, 0x0000000083700000|  0%| F|  |TAMS 0x0000000083600000| PB 0x0000000083600000| Untracked 
|  17|0x0000000083700000, 0x0000000083700000, 0x0000000083800000|  0%| F|  |TAMS 0x0000000083700000| PB 0x0000000083700000| Untracked 
|  18|0x0000000083800000, 0x0000000083800000, 0x0000000083900000|  0%| F|  |TAMS 0x0000000083800000| PB 0x0000000083800000| Untracked 
|  19|0x0000000083900000, 0x0000000083900000, 0x0000000083a00000|  0%| F|  |TAMS 0x0000000083900000| PB 0x0000000083900000| Untracked 
|  20|0x0000000083a00000, 0x0000000083a00000, 0x0000000083b00000|  0%| F|  |TAMS 0x0000000083a00000| PB 0x0000000083a00000| Untracked 
|  21|0x0000000083b00000, 0x0000000083b00000, 0x0000000083c00000|  0%| F|  |TAMS 0x0000000083b00000| PB 0x0000000083b00000| Untracked 
|  22|0x0000000083c00000, 0x0000000083c00000, 0x0000000083d00000|  0%| F|  |TAMS 0x0000000083c00000| PB 0x0000000083c00000| Untracked 
|  23|0x0000000083d00000, 0x0000000083d00000, 0x0000000083e00000|  0%| F|  |TAMS 0x0000000083d00000| PB 0x0000000083d00000| Untracked 
|  24|0x0000000083e00000, 0x0000000083e00000, 0x0000000083f00000|  0%| F|  |TAMS 0x0000000083e00000| PB 0x0000000083e00000| Untracked 
|  25|0x0000000083f00000, 0x0000000083f00000, 0x0000000084000000|  0%| F|  |TAMS 0x0000000083f00000| PB 0x0000000083f00000| Untracked 
|  26|0x0000000084000000, 0x0000000084000000, 0x0000000084100000|  0%| F|  |TAMS 0x0000000084000000| PB 0x0000000084000000| Untracked 
|  27|0x0000000084100000, 0x0000000084100000, 0x0000000084200000|  0%| F|  |TAMS 0x0000000084100000| PB 0x0000000084100000| Untracked 
|  28|0x0000000084200000, 0x0000000084200000, 0x0000000084300000|  0%| F|  |TAMS 0x0000000084200000| PB 0x0000000084200000| Untracked 
|  29|0x0000000084300000, 0x0000000084300000, 0x0000000084400000|  0%| F|  |TAMS 0x0000000084300000| PB 0x0000000084300000| Untracked 
|  30|0x0000000084400000, 0x0000000084400000, 0x0000000084500000|  0%| F|  |TAMS 0x0000000084400000| PB 0x0000000084400000| Untracked 
|  31|0x0000000084500000, 0x0000000084500000, 0x0000000084600000|  0%| F|  |TAMS 0x0000000084500000| PB 0x0000000084500000| Untracked 
|  32|0x0000000084600000, 0x0000000084600000, 0x0000000084700000|  0%| F|  |TAMS 0x0000000084600000| PB 0x0000000084600000| Untracked 
|  33|0x0000000084700000, 0x0000000084700000, 0x0000000084800000|  0%| F|  |TAMS 0x0000000084700000| PB 0x0000000084700000| Untracked 
|  34|0x0000000084800000, 0x0000000084800000, 0x0000000084900000|  0%| F|  |TAMS 0x0000000084800000| PB 0x0000000084800000| Untracked 
|  35|0x0000000084900000, 0x0000000084900000, 0x0000000084a00000|  0%| F|  |TAMS 0x0000000084900000| PB 0x0000000084900000| Untracked 
|  36|0x0000000084a00000, 0x0000000084a00000, 0x0000000084b00000|  0%| F|  |TAMS 0x0000000084a00000| PB 0x0000000084a00000| Untracked 
|  37|0x0000000084b00000, 0x0000000084b00000, 0x0000000084c00000|  0%| F|  |TAMS 0x0000000084b00000| PB 0x0000000084b00000| Untracked 
|  38|0x0000000084c00000, 0x0000000084c00000, 0x0000000084d00000|  0%| F|  |TAMS 0x0000000084c00000| PB 0x0000000084c00000| Untracked 
|  39|0x0000000084d00000, 0x0000000084d00000, 0x0000000084e00000|  0%| F|  |TAMS 0x0000000084d00000| PB 0x0000000084d00000| Untracked 
|  40|0x0000000084e00000, 0x0000000084e00000, 0x0000000084f00000|  0%| F|  |TAMS 0x0000000084e00000| PB 0x0000000084e00000| Untracked 
|  41|0x0000000084f00000, 0x0000000084f00000, 0x0000000085000000|  0%| F|  |TAMS 0x0000000084f00000| PB 0x0000000084f00000| Untracked 
|  42|0x0000000085000000, 0x0000000085000000, 0x0000000085100000|  0%| F|  |TAMS 0x0000000085000000| PB 0x0000000085000000| Untracked 
|  43|0x0000000085100000, 0x0000000085100000, 0x0000000085200000|  0%| F|  |TAMS 0x0000000085100000| PB 0x0000000085100000| Untracked 
|  44|0x0000000085200000, 0x0000000085200000, 0x0000000085300000|  0%| F|  |TAMS 0x0000000085200000| PB 0x0000000085200000| Untracked 
|  45|0x0000000085300000, 0x0000000085300000, 0x0000000085400000|  0%| F|  |TAMS 0x0000000085300000| PB 0x0000000085300000| Untracked 
|  46|0x0000000085400000, 0x0000000085400000, 0x0000000085500000|  0%| F|  |TAMS 0x0000000085400000| PB 0x0000000085400000| Untracked 
|  47|0x0000000085500000, 0x0000000085500000, 0x0000000085600000|  0%| F|  |TAMS 0x0000000085500000| PB 0x0000000085500000| Untracked 
|  48|0x0000000085600000, 0x0000000085600000, 0x0000000085700000|  0%| F|  |TAMS 0x0000000085600000| PB 0x0000000085600000| Untracked 
|  49|0x0000000085700000, 0x0000000085700000, 0x0000000085800000|  0%| F|  |TAMS 0x0000000085700000| PB 0x0000000085700000| Untracked 
|  50|0x0000000085800000, 0x0000000085800000, 0x0000000085900000|  0%| F|  |TAMS 0x0000000085800000| PB 0x0000000085800000| Untracked 
|  51|0x0000000085900000, 0x0000000085900000, 0x0000000085a00000|  0%| F|  |TAMS 0x0000000085900000| PB 0x0000000085900000| Untracked 
|  52|0x0000000085a00000, 0x0000000085a00000, 0x0000000085b00000|  0%| F|  |TAMS 0x0000000085a00000| PB 0x0000000085a00000| Untracked 
|  53|0x0000000085b00000, 0x0000000085b00000, 0x0000000085c00000|  0%| F|  |TAMS 0x0000000085b00000| PB 0x0000000085b00000| Untracked 
|  54|0x0000000085c00000, 0x0000000085c00000, 0x0000000085d00000|  0%| F|  |TAMS 0x0000000085c00000| PB 0x0000000085c00000| Untracked 
|  55|0x0000000085d00000, 0x0000000085d00000, 0x0000000085e00000|  0%| F|  |TAMS 0x0000000085d00000| PB 0x0000000085d00000| Untracked 
|  56|0x0000000085e00000, 0x0000000085e00000, 0x0000000085f00000|  0%| F|  |TAMS 0x0000000085e00000| PB 0x0000000085e00000| Untracked 
|  57|0x0000000085f00000, 0x0000000085f00000, 0x0000000086000000|  0%| F|  |TAMS 0x0000000085f00000| PB 0x0000000085f00000| Untracked 
|  58|0x0000000086000000, 0x0000000086000000, 0x0000000086100000|  0%| F|  |TAMS 0x0000000086000000| PB 0x0000000086000000| Untracked 
|  59|0x0000000086100000, 0x0000000086100000, 0x0000000086200000|  0%| F|  |TAMS 0x0000000086100000| PB 0x0000000086100000| Untracked 
|  60|0x0000000086200000, 0x0000000086200000, 0x0000000086300000|  0%| F|  |TAMS 0x0000000086200000| PB 0x0000000086200000| Untracked 
|  61|0x0000000086300000, 0x0000000086300000, 0x0000000086400000|  0%| F|  |TAMS 0x0000000086300000| PB 0x0000000086300000| Untracked 
|  62|0x0000000086400000, 0x0000000086400000, 0x0000000086500000|  0%| F|  |TAMS 0x0000000086400000| PB 0x0000000086400000| Untracked 
|  63|0x0000000086500000, 0x0000000086500000, 0x0000000086600000|  0%| F|  |TAMS 0x0000000086500000| PB 0x0000000086500000| Untracked 
|  64|0x0000000086600000, 0x0000000086600000, 0x0000000086700000|  0%| F|  |TAMS 0x0000000086600000| PB 0x0000000086600000| Untracked 
|  65|0x0000000086700000, 0x0000000086700000, 0x0000000086800000|  0%| F|  |TAMS 0x0000000086700000| PB 0x0000000086700000| Untracked 
|  66|0x0000000086800000, 0x0000000086800000, 0x0000000086900000|  0%| F|  |TAMS 0x0000000086800000| PB 0x0000000086800000| Untracked 
|  67|0x0000000086900000, 0x0000000086900000, 0x0000000086a00000|  0%| F|  |TAMS 0x0000000086900000| PB 0x0000000086900000| Untracked 
|  68|0x0000000086a00000, 0x0000000086a00000, 0x0000000086b00000|  0%| F|  |TAMS 0x0000000086a00000| PB 0x0000000086a00000| Untracked 
|  69|0x0000000086b00000, 0x0000000086b00000, 0x0000000086c00000|  0%| F|  |TAMS 0x0000000086b00000| PB 0x0000000086b00000| Untracked 
|  70|0x0000000086c00000, 0x0000000086c00000, 0x0000000086d00000|  0%| F|  |TAMS 0x0000000086c00000| PB 0x0000000086c00000| Untracked 
|  71|0x0000000086d00000, 0x0000000086d00000, 0x0000000086e00000|  0%| F|  |TAMS 0x0000000086d00000| PB 0x0000000086d00000| Untracked 
|  72|0x0000000086e00000, 0x0000000086e00000, 0x0000000086f00000|  0%| F|  |TAMS 0x0000000086e00000| PB 0x0000000086e00000| Untracked 
|  73|0x0000000086f00000, 0x0000000086f00000, 0x0000000087000000|  0%| F|  |TAMS 0x0000000086f00000| PB 0x0000000086f00000| Untracked 
|  74|0x0000000087000000, 0x0000000087000000, 0x0000000087100000|  0%| F|  |TAMS 0x0000000087000000| PB 0x0000000087000000| Untracked 
|  75|0x0000000087100000, 0x0000000087100000, 0x0000000087200000|  0%| F|  |TAMS 0x0000000087100000| PB 0x0000000087100000| Untracked 
|  76|0x0000000087200000, 0x0000000087200000, 0x0000000087300000|  0%| F|  |TAMS 0x0000000087200000| PB 0x0000000087200000| Untracked 
|  77|0x0000000087300000, 0x0000000087300000, 0x0000000087400000|  0%| F|  |TAMS 0x0000000087300000| PB 0x0000000087300000| Untracked 
|  78|0x0000000087400000, 0x0000000087400000, 0x0000000087500000|  0%| F|  |TAMS 0x0000000087400000| PB 0x0000000087400000| Untracked 
|  79|0x0000000087500000, 0x0000000087500000, 0x0000000087600000|  0%| F|  |TAMS 0x0000000087500000| PB 0x0000000087500000| Untracked 
|  80|0x0000000087600000, 0x0000000087600000, 0x0000000087700000|  0%| F|  |TAMS 0x0000000087600000| PB 0x0000000087600000| Untracked 
|  81|0x0000000087700000, 0x0000000087700000, 0x0000000087800000|  0%| F|  |TAMS 0x0000000087700000| PB 0x0000000087700000| Untracked 
|  82|0x0000000087800000, 0x0000000087800000, 0x0000000087900000|  0%| F|  |TAMS 0x0000000087800000| PB 0x0000000087800000| Untracked 
|  83|0x0000000087900000, 0x0000000087900000, 0x0000000087a00000|  0%| F|  |TAMS 0x0000000087900000| PB 0x0000000087900000| Untracked 
|  84|0x0000000087a00000, 0x0000000087a00000, 0x0000000087b00000|  0%| F|  |TAMS 0x0000000087a00000| PB 0x0000000087a00000| Untracked 
|  85|0x0000000087b00000, 0x0000000087b00000, 0x0000000087c00000|  0%| F|  |TAMS 0x0000000087b00000| PB 0x0000000087b00000| Untracked 
|  86|0x0000000087c00000, 0x0000000087c00000, 0x0000000087d00000|  0%| F|  |TAMS 0x0000000087c00000| PB 0x0000000087c00000| Untracked 
|  87|0x0000000087d00000, 0x0000000087d00000, 0x0000000087e00000|  0%| F|  |TAMS 0x0000000087d00000| PB 0x0000000087d00000| Untracked 
|  88|0x0000000087e00000, 0x0000000087e00000, 0x0000000087f00000|  0%| F|  |TAMS 0x0000000087e00000| PB 0x0000000087e00000| Untracked 
|  89|0x0000000087f00000, 0x0000000087f00000, 0x0000000088000000|  0%| F|  |TAMS 0x0000000087f00000| PB 0x0000000087f00000| Untracked 
|  90|0x0000000088000000, 0x0000000088000000, 0x0000000088100000|  0%| F|  |TAMS 0x0000000088000000| PB 0x0000000088000000| Untracked 
|  91|0x0000000088100000, 0x0000000088100000, 0x0000000088200000|  0%| F|  |TAMS 0x0000000088100000| PB 0x0000000088100000| Untracked 
|  92|0x0000000088200000, 0x0000000088200000, 0x0000000088300000|  0%| F|  |TAMS 0x0000000088200000| PB 0x0000000088200000| Untracked 
|  93|0x0000000088300000, 0x0000000088300000, 0x0000000088400000|  0%| F|  |TAMS 0x0000000088300000| PB 0x0000000088300000| Untracked 
|  94|0x0000000088400000, 0x0000000088400000, 0x0000000088500000|  0%| F|  |TAMS 0x0000000088400000| PB 0x0000000088400000| Untracked 
|  95|0x0000000088500000, 0x0000000088500000, 0x0000000088600000|  0%| F|  |TAMS 0x0000000088500000| PB 0x0000000088500000| Untracked 
|  96|0x0000000088600000, 0x0000000088600000, 0x0000000088700000|  0%| F|  |TAMS 0x0000000088600000| PB 0x0000000088600000| Untracked 
|  97|0x0000000088700000, 0x0000000088700000, 0x0000000088800000|  0%| F|  |TAMS 0x0000000088700000| PB 0x0000000088700000| Untracked 
|  98|0x0000000088800000, 0x0000000088800000, 0x0000000088900000|  0%| F|  |TAMS 0x0000000088800000| PB 0x0000000088800000| Untracked 
|  99|0x0000000088900000, 0x0000000088900000, 0x0000000088a00000|  0%| F|  |TAMS 0x0000000088900000| PB 0x0000000088900000| Untracked 
| 100|0x0000000088a00000, 0x0000000088a00000, 0x0000000088b00000|  0%| F|  |TAMS 0x0000000088a00000| PB 0x0000000088a00000| Untracked 
| 101|0x0000000088b00000, 0x0000000088b00000, 0x0000000088c00000|  0%| F|  |TAMS 0x0000000088b00000| PB 0x0000000088b00000| Untracked 
| 102|0x0000000088c00000, 0x0000000088c00000, 0x0000000088d00000|  0%| F|  |TAMS 0x0000000088c00000| PB 0x0000000088c00000| Untracked 
| 103|0x0000000088d00000, 0x0000000088d00000, 0x0000000088e00000|  0%| F|  |TAMS 0x0000000088d00000| PB 0x0000000088d00000| Untracked 
| 104|0x0000000088e00000, 0x0000000088e00000, 0x0000000088f00000|  0%| F|  |TAMS 0x0000000088e00000| PB 0x0000000088e00000| Untracked 
| 105|0x0000000088f00000, 0x0000000088f00000, 0x0000000089000000|  0%| F|  |TAMS 0x0000000088f00000| PB 0x0000000088f00000| Untracked 
| 106|0x0000000089000000, 0x0000000089000000, 0x0000000089100000|  0%| F|  |TAMS 0x0000000089000000| PB 0x0000000089000000| Untracked 
| 107|0x0000000089100000, 0x0000000089100000, 0x0000000089200000|  0%| F|  |TAMS 0x0000000089100000| PB 0x0000000089100000| Untracked 
| 108|0x0000000089200000, 0x0000000089200000, 0x0000000089300000|  0%| F|  |TAMS 0x0000000089200000| PB 0x0000000089200000| Untracked 
| 109|0x0000000089300000, 0x0000000089300000, 0x0000000089400000|  0%| F|  |TAMS 0x0000000089300000| PB 0x0000000089300000| Untracked 
| 110|0x0000000089400000, 0x0000000089400000, 0x0000000089500000|  0%| F|  |TAMS 0x0000000089400000| PB 0x0000000089400000| Untracked 
| 111|0x0000000089500000, 0x0000000089575c48, 0x0000000089600000| 46%| E|  |TAMS 0x0000000089500000| PB 0x0000000089500000| Complete 
| 112|0x0000000089600000, 0x0000000089700000, 0x0000000089700000|100%| E|CS|TAMS 0x0000000089600000| PB 0x0000000089600000| Complete 
| 113|0x0000000089700000, 0x0000000089800000, 0x0000000089800000|100%| E|CS|TAMS 0x0000000089700000| PB 0x0000000089700000| Complete 
| 114|0x0000000089800000, 0x0000000089900000, 0x0000000089900000|100%| E|CS|TAMS 0x0000000089800000| PB 0x0000000089800000| Complete 
| 115|0x0000000089900000, 0x0000000089a00000, 0x0000000089a00000|100%| E|CS|TAMS 0x0000000089900000| PB 0x0000000089900000| Complete 
| 116|0x0000000089a00000, 0x0000000089b00000, 0x0000000089b00000|100%| E|CS|TAMS 0x0000000089a00000| PB 0x0000000089a00000| Complete 
| 117|0x0000000089b00000, 0x0000000089c00000, 0x0000000089c00000|100%| E|CS|TAMS 0x0000000089b00000| PB 0x0000000089b00000| Complete 
| 118|0x0000000089c00000, 0x0000000089d00000, 0x0000000089d00000|100%| E|CS|TAMS 0x0000000089c00000| PB 0x0000000089c00000| Complete 
| 119|0x0000000089d00000, 0x0000000089e00000, 0x0000000089e00000|100%| E|  |TAMS 0x0000000089d00000| PB 0x0000000089d00000| Complete 
| 120|0x0000000089e00000, 0x0000000089f00000, 0x0000000089f00000|100%| E|CS|TAMS 0x0000000089e00000| PB 0x0000000089e00000| Complete 
| 121|0x0000000089f00000, 0x000000008a000000, 0x000000008a000000|100%| E|CS|TAMS 0x0000000089f00000| PB 0x0000000089f00000| Complete 
| 122|0x000000008a000000, 0x000000008a100000, 0x000000008a100000|100%| E|CS|TAMS 0x000000008a000000| PB 0x000000008a000000| Complete 
| 123|0x000000008a100000, 0x000000008a200000, 0x000000008a200000|100%| E|CS|TAMS 0x000000008a100000| PB 0x000000008a100000| Complete 
| 124|0x000000008a200000, 0x000000008a300000, 0x000000008a300000|100%| E|CS|TAMS 0x000000008a200000| PB 0x000000008a200000| Complete 
| 125|0x000000008a300000, 0x000000008a400000, 0x000000008a400000|100%| E|CS|TAMS 0x000000008a300000| PB 0x000000008a300000| Complete 

Card table byte_map: [0x000001a09b400000,0x000001a09b7f0000] _byte_map_base: 0x000001a09afed000

Marking Bits: (CMBitMap*) 0x000001a08361e1e0
 Bits: [0x000001a09b7f0000, 0x000001a09d758000)

Polling page: 0x000001a0813c0000

Metaspace:

Usage:
  Non-class:      2.71 MB used.
      Class:    322.64 KB used.
       Both:      3.02 MB used.

Virtual space:
  Non-class space:       64.00 MB reserved,       2.81 MB (  4%) committed,  1 nodes.
      Class space:        1.00 GB reserved,     384.00 KB ( <1%) committed,  1 nodes.
             Both:        1.06 GB reserved,       3.19 MB ( <1%) committed. 

Chunk freelists:
   Non-Class:  10.64 MB
       Class:  15.52 MB
        Both:  26.16 MB

MaxMetaspaceSize: unlimited
CompressedClassSpaceSize: 1.00 GB
Initial GC threshold: 21.00 MB
Current GC threshold: 21.00 MB
CDS: on
 - commit_granule_bytes: 65536.
 - commit_granule_words: 8192.
 - virtual_space_node_default_size: 8388608.
 - enlarge_chunks_in_place: 1.
 - use_allocation_guard: 0.


Internal statistics:

num_allocs_failed_limit: 0.
num_arena_births: 102.
num_arena_deaths: 0.
num_vsnodes_births: 2.
num_vsnodes_deaths: 0.
num_space_committed: 51.
num_space_uncommitted: 0.
num_chunks_returned_to_freelist: 0.
num_chunks_taken_from_freelist: 211.
num_chunk_merges: 0.
num_chunk_splits: 121.
num_chunks_enlarged: 56.
num_inconsistent_stats: 0.

CodeHeap 'non-profiled nmethods': size=120000Kb used=292Kb max_used=292Kb free=119707Kb
 bounds [0x000001a0937b0000, 0x000001a093a20000, 0x000001a09ace0000]
CodeHeap 'profiled nmethods': size=120000Kb used=1261Kb max_used=1261Kb free=118738Kb
 bounds [0x000001a08bce0000, 0x000001a08bf50000, 0x000001a093210000]
CodeHeap 'non-nmethods': size=5760Kb used=1289Kb max_used=1307Kb free=4470Kb
 bounds [0x000001a093210000, 0x000001a093480000, 0x000001a0937b0000]
CodeCache: size=245760Kb, used=2842Kb, max_used=2860Kb, free=242915Kb
 total_blobs=1282, nmethods=825, adapters=362, full_count=0
Compilation: enabled, stopped_count=0, restarted_count=0

Compilation events (20 events):
Event: 3.031 Thread 0x000001a0a01a0620 nmethod 813 0x000001a08be10610 code [0x000001a08be10840, 0x000001a08be10c18]
Event: 3.031 Thread 0x000001a0a01a0620  814       1       java.util.concurrent.CopyOnWriteArrayList::setArray (6 bytes)
Event: 3.031 Thread 0x000001a0a01a0620 nmethod 814 0x000001a0937f7d10 code [0x000001a0937f7ea0, 0x000001a0937f7fb8]
Event: 3.034 Thread 0x000001a0a01a0620  815       3       java.util.ArrayDeque::add (7 bytes)
Event: 3.034 Thread 0x000001a0a01a0620 nmethod 815 0x000001a08be10e90 code [0x000001a08be11040, 0x000001a08be11198]
Event: 3.035 Thread 0x000001a0a01a0620  817       3       java.util.concurrent.ConcurrentHashMap$Node::<init> (14 bytes)
Event: 3.035 Thread 0x000001a0a01a0620 nmethod 817 0x000001a08be11290 code [0x000001a08be11440, 0x000001a08be11728]
Event: 3.036 Thread 0x000001a0a01a0620  818       3       java.io.WinNTFileSystem::resolve (326 bytes)
Event: 3.042 Thread 0x000001a0a01a0620 nmethod 818 0x000001a08be11810 code [0x000001a08be11d40, 0x000001a08be14b48]
Event: 3.042 Thread 0x000001a0a01a0620  822       3       java.lang.invoke.LambdaForm::uncustomize (57 bytes)
Event: 3.042 Thread 0x000001a0a01a0620 nmethod 822 0x000001a08be15c10 code [0x000001a08be15de0, 0x000001a08be160f0]
Event: 3.042 Thread 0x000001a0a01a0620  819       3       java.lang.String::<init> (10 bytes)
Event: 3.042 Thread 0x000001a0a01a0620 nmethod 819 0x000001a08be16210 code [0x000001a08be163c0, 0x000001a08be16510]
Event: 3.042 Thread 0x000001a0a01a0620  820       3       java.util.zip.Checksum::update (11 bytes)
Event: 3.042 Thread 0x000001a0a01a0620 nmethod 820 0x000001a08be16610 code [0x000001a08be167c0, 0x000001a08be169c8]
Event: 3.043 Thread 0x000001a0a01a0620  824       3       java.util.zip.ZipFile::getZipEntry (322 bytes)
Event: 3.048 Thread 0x000001a0a01a0620 nmethod 824 0x000001a08be16b10 code [0x000001a08be17080, 0x000001a08be1a0b0]
Event: 3.048 Thread 0x000001a0a01a0620  825       3       sun.net.www.protocol.file.Handler::parseURL (18 bytes)
Event: 3.048 Thread 0x000001a0a01a0620 nmethod 825 0x000001a08be1b310 code [0x000001a08be1b4c0, 0x000001a08be1b680]
Event: 3.048 Thread 0x000001a0a01a0620  826       3       java.net.URLStreamHandler::parseURL (1124 bytes)

GC Heap History (0 events):
No events

Dll operation events (9 events):
Event: 0.097 Loaded shared library C:\Users\Dell\.jdks\corretto-21.0.9\bin\java.dll
Event: 0.163 Loaded shared library C:\Users\Dell\.jdks\corretto-21.0.9\bin\jsvml.dll
Event: 0.404 Loaded shared library C:\Users\Dell\.jdks\corretto-21.0.9\bin\zip.dll
Event: 0.410 Loaded shared library C:\Users\Dell\.jdks\corretto-21.0.9\bin\instrument.dll
Event: 0.423 Loaded shared library C:\Users\Dell\.jdks\corretto-21.0.9\bin\net.dll
Event: 0.426 Loaded shared library C:\Users\Dell\.jdks\corretto-21.0.9\bin\nio.dll
Event: 0.433 Loaded shared library C:\Users\Dell\.jdks\corretto-21.0.9\bin\zip.dll
Event: 2.515 Loaded shared library C:\Users\Dell\.jdks\corretto-21.0.9\bin\extnet.dll
Event: 2.585 Loaded shared library C:\Users\Dell\.jdks\corretto-21.0.9\bin\jimage.dll

Deoptimization events (20 events):
Event: 2.498 Thread 0x000001a081429910 Uncommon trap: trap_request=0xffffff45 fr.pc=0x000001a0937cc90c relative=0x000000000000006c
Event: 2.498 Thread 0x000001a081429910 Uncommon trap: reason=unstable_if action=reinterpret pc=0x000001a0937cc90c method=java.lang.String.isLatin1()Z @ 10 c2
Event: 2.499 Thread 0x000001a081429910 DEOPT PACKING pc=0x000001a0937cc90c sp=0x00000082006fe600
Event: 2.499 Thread 0x000001a081429910 DEOPT UNPACKING pc=0x000001a093264422 sp=0x00000082006fe590 mode 2
Event: 2.499 Thread 0x000001a081429910 Uncommon trap: trap_request=0xffffff45 fr.pc=0x000001a0937b2064 relative=0x00000000000000c4
Event: 2.499 Thread 0x000001a081429910 Uncommon trap: reason=unstable_if action=reinterpret pc=0x000001a0937b2064 method=java.lang.String.isLatin1()Z @ 10 c2
Event: 2.499 Thread 0x000001a081429910 DEOPT PACKING pc=0x000001a0937b2064 sp=0x00000082006fef50
Event: 2.499 Thread 0x000001a081429910 DEOPT UNPACKING pc=0x000001a093264422 sp=0x00000082006fee90 mode 2
Event: 2.593 Thread 0x000001a081429910 Uncommon trap: trap_request=0xffffff45 fr.pc=0x000001a0937c9d98 relative=0x0000000000000078
Event: 2.593 Thread 0x000001a081429910 Uncommon trap: reason=unstable_if action=reinterpret pc=0x000001a0937c9d98 method=java.io.WinNTFileSystem.isSlash(C)Z @ 9 c2
Event: 2.593 Thread 0x000001a081429910 DEOPT PACKING pc=0x000001a0937c9d98 sp=0x00000082006fde50
Event: 2.593 Thread 0x000001a081429910 DEOPT UNPACKING pc=0x000001a093264422 sp=0x00000082006fddd8 mode 2
Event: 2.595 Thread 0x000001a081429910 DEOPT PACKING pc=0x000001a08bd1d8da sp=0x00000082006fd1e0
Event: 2.595 Thread 0x000001a081429910 DEOPT UNPACKING pc=0x000001a093264bc2 sp=0x00000082006fc670 mode 0
Event: 2.597 Thread 0x000001a081429910 DEOPT PACKING pc=0x000001a08bd1d8da sp=0x00000082006f9bc0
Event: 2.597 Thread 0x000001a081429910 DEOPT UNPACKING pc=0x000001a093264bc2 sp=0x00000082006f9050 mode 0
Event: 2.937 Thread 0x000001a081429910 DEOPT PACKING pc=0x000001a08bd622c5 sp=0x00000082006f9be0
Event: 2.937 Thread 0x000001a081429910 DEOPT UNPACKING pc=0x000001a093264bc2 sp=0x00000082006f9030 mode 0
Event: 2.963 Thread 0x000001a081429910 DEOPT PACKING pc=0x000001a08bd622c5 sp=0x00000082006fe050
Event: 2.963 Thread 0x000001a081429910 DEOPT UNPACKING pc=0x000001a093264bc2 sp=0x00000082006fd4a0 mode 0

Classes loaded (20 events):
Event: 3.014 Loading class java/util/stream/ReferencePipeline$StatefulOp done
Event: 3.014 Loading class java/util/stream/DistinctOps$1 done
Event: 3.014 Loading class java/util/ImmutableCollections$Access
Event: 3.014 Loading class java/util/ImmutableCollections$Access done
Event: 3.014 Loading class java/util/ImmutableCollections$Access$1
Event: 3.014 Loading class jdk/internal/access/JavaUtilCollectionAccess
Event: 3.014 Loading class jdk/internal/access/JavaUtilCollectionAccess done
Event: 3.014 Loading class java/util/ImmutableCollections$Access$1 done
Event: 3.015 Loading class java/util/stream/Nodes$SpinedNodeBuilder
Event: 3.015 Loading class java/util/stream/SpinedBuffer
Event: 3.016 Loading class java/util/stream/AbstractSpinedBuffer
Event: 3.016 Loading class java/util/stream/AbstractSpinedBuffer done
Event: 3.016 Loading class java/util/stream/SpinedBuffer done
Event: 3.016 Loading class java/util/stream/Nodes$SpinedNodeBuilder done
Event: 3.016 Loading class java/util/stream/DistinctOps$1$2
Event: 3.017 Loading class java/util/stream/DistinctOps$1$2 done
Event: 3.029 Loading class java/lang/reflect/UndeclaredThrowableException
Event: 3.029 Loading class java/lang/reflect/UndeclaredThrowableException done
Event: 3.051 Loading class java/util/ComparableTimSort
Event: 3.051 Loading class java/util/ComparableTimSort done

Classes unloaded (0 events):
No events

Classes redefined (0 events):
No events

Internal exceptions (8 events):
Event: 2.485 Thread 0x000001a081429910 Exception <a 'java/lang/NoSuchMethodError'{0x0000000089db8e98}: 'void java.lang.invoke.DirectMethodHandle$Holder.invokeStatic(java.lang.Object, java.lang.Object, java.lang.Object)'> (0x0000000089db8e98) 
thrown [s\src\hotspot\share\interpreter\linkResolver.cpp, line 773]
Event: 2.493 Thread 0x000001a081429910 Exception <a 'java/lang/NoSuchMethodError'{0x0000000089dd09b0}: 'java.lang.Object java.lang.invoke.Invokers$Holder.invokeExact_MT(java.lang.Object, java.lang.Object, java.lang.Object, java.lang.Object, java.lang.Object)'> (0x0000000089dd09b0) 
thrown [s\src\hotspot\share\interpreter\linkResolver.cpp, line 773]
Event: 2.518 Thread 0x000001a0a0749e10 Exception <a 'java/lang/NoSuchMethodError'{0x0000000089c77628}: 'void java.lang.invoke.DirectMethodHandle$Holder.invokeStatic(java.lang.Object, java.lang.Object)'> (0x0000000089c77628) 
thrown [s\src\hotspot\share\interpreter\linkResolver.cpp, line 773]
Event: 2.669 Thread 0x000001a081429910 Exception <a 'java/lang/NoSuchMethodError'{0x0000000089922648}: 'java.lang.Object java.lang.invoke.DirectMethodHandle$Holder.invokeSpecial(java.lang.Object, java.lang.Object, java.lang.Object, long, java.lang.Object)'> (0x0000000089922648) 
thrown [s\src\hotspot\share\interpreter\linkResolver.cpp, line 773]
Event: 2.670 Thread 0x000001a081429910 Exception <a 'java/lang/NoSuchMethodError'{0x0000000089925fb8}: 'java.lang.Object java.lang.invoke.Invokers$Holder.linkToTargetMethod(java.lang.Object, long, java.lang.Object, java.lang.Object)'> (0x0000000089925fb8) 
thrown [s\src\hotspot\share\interpreter\linkResolver.cpp, line 773]
Event: 2.973 Thread 0x000001a081429910 Exception <a 'java/lang/NoSuchMethodError'{0x0000000089749088}: 'void java.lang.invoke.DirectMethodHandle$Holder.invokeStatic(java.lang.Object, java.lang.Object, java.lang.Object, java.lang.Object)'> (0x0000000089749088) 
thrown [s\src\hotspot\share\interpreter\linkResolver.cpp, line 773]
Event: 3.029 Thread 0x000001a081429910 Exception <a 'java/lang/NoSuchMethodError'{0x0000000089660db8}: 'int java.lang.invoke.DirectMethodHandle$Holder.invokeStaticInit(java.lang.Object, java.lang.Object)'> (0x0000000089660db8) 
thrown [s\src\hotspot\share\interpreter\linkResolver.cpp, line 773]
Event: 3.039 Thread 0x000001a081429910 Exception <a 'java/lang/NoSuchMethodError'{0x000000008968eeb0}: 'void java.lang.invoke.DirectMethodHandle$Holder.invokeInterface(java.lang.Object, java.lang.Object, java.lang.Object, java.lang.Object)'> (0x000000008968eeb0) 
thrown [s\src\hotspot\share\interpreter\linkResolver.cpp, line 773]

ZGC Phase Switch (0 events):
No events

VM Operations (12 events):
Event: 0.371 Executing VM operation: HandshakeAllThreads (Deoptimize)
Event: 0.371 Executing VM operation: HandshakeAllThreads (Deoptimize) done
Event: 1.383 Executing VM operation: Cleanup
Event: 1.383 Executing VM operation: Cleanup done
Event: 2.389 Executing VM operation: Cleanup
Event: 2.389 Executing VM operation: Cleanup done
Event: 2.503 Executing VM operation: HandshakeAllThreads (Deoptimize)
Event: 2.503 Executing VM operation: HandshakeAllThreads (Deoptimize) done
Event: 2.533 Executing VM operation: HandshakeAllThreads (Deoptimize)
Event: 2.533 Executing VM operation: HandshakeAllThreads (Deoptimize) done
Event: 2.592 Executing VM operation: HandshakeAllThreads (Deoptimize)
Event: 2.592 Executing VM operation: HandshakeAllThreads (Deoptimize) done

Memory protections (0 events):
No events

Nmethod flushes (0 events):
No events

Events (12 events):
Event: 0.131 Thread 0x000001a081429910 Thread added: 0x000001a081429910
Event: 0.158 Thread 0x000001a081429910 Thread added: 0x000001a0a018dfa0
Event: 0.159 Thread 0x000001a081429910 Thread added: 0x000001a0a018eeb0
Event: 0.159 Thread 0x000001a081429910 Thread added: 0x000001a0a0190c70
Event: 0.159 Thread 0x000001a081429910 Thread added: 0x000001a0a0193950
Event: 0.160 Thread 0x000001a081429910 Thread added: 0x000001a0a019e3c0
Event: 0.160 Thread 0x000001a081429910 Thread added: 0x000001a0a019ee10
Event: 0.160 Thread 0x000001a081429910 Thread added: 0x000001a0a019fb90
Event: 0.160 Thread 0x000001a081429910 Thread added: 0x000001a0a01a0620
Event: 0.416 Thread 0x000001a081429910 Thread added: 0x000001a0a0459950
Event: 2.497 Thread 0x000001a081429910 Thread added: 0x000001a0a0749e10
Event: 2.498 Thread 0x000001a081429910 Thread added: 0x000001a0a074a870


Dynamic libraries:
0x00007ff60ba00000 - 0x00007ff60ba0e000 	C:\Users\Dell\.jdks\corretto-21.0.9\bin\java.exe
0x00007ffeb0c90000 - 0x00007ffeb0e88000 	C:\Windows\SYSTEM32\ntdll.dll
0x00007ffeaecd0000 - 0x00007ffeaed92000 	C:\Windows\System32\KERNEL32.DLL
0x00007ffeae510000 - 0x00007ffeae806000 	C:\Windows\System32\KERNELBASE.dll
0x00007ffeae8a0000 - 0x00007ffeae9a0000 	C:\Windows\System32\ucrtbase.dll
0x00007ffea7240000 - 0x00007ffea725e000 	C:\Users\Dell\.jdks\corretto-21.0.9\bin\VCRUNTIME140.dll
0x00007ffea7220000 - 0x00007ffea7238000 	C:\Users\Dell\.jdks\corretto-21.0.9\bin\jli.dll
0x00007ffeaf100000 - 0x00007ffeaf2a1000 	C:\Windows\System32\USER32.dll
0x00007ffeaea40000 - 0x00007ffeaea62000 	C:\Windows\System32\win32u.dll
0x00007ffe94ce0000 - 0x00007ffe94f7b000 	C:\Windows\WinSxS\amd64_microsoft.windows.common-controls_6595b64144ccf1df_6.0.19041.6456_none_60b8a6cb71f64256\COMCTL32.dll
0x00007ffeafd80000 - 0x00007ffeafdab000 	C:\Windows\System32\GDI32.dll
0x00007ffeaf060000 - 0x00007ffeaf0fe000 	C:\Windows\System32\msvcrt.dll
0x00007ffeae3f0000 - 0x00007ffeae509000 	C:\Windows\System32\gdi32full.dll
0x00007ffeae9a0000 - 0x00007ffeaea3d000 	C:\Windows\System32\msvcp_win.dll
0x00007ffeb0a70000 - 0x00007ffeb0a9f000 	C:\Windows\System32\IMM32.DLL
0x00007ffe94b00000 - 0x00007ffe94b0c000 	C:\Users\Dell\.jdks\corretto-21.0.9\bin\vcruntime140_1.dll
0x00007ffe6cce0000 - 0x00007ffe6cd69000 	C:\Users\Dell\.jdks\corretto-21.0.9\bin\msvcp140.dll
0x00007ffe465d0000 - 0x00007ffe47377000 	C:\Users\Dell\.jdks\corretto-21.0.9\bin\server\jvm.dll
0x00007ffeaeda0000 - 0x00007ffeaee51000 	C:\Windows\System32\ADVAPI32.dll
0x00007ffeb0b00000 - 0x00007ffeb0b9f000 	C:\Windows\System32\sechost.dll
0x00007ffeb0020000 - 0x00007ffeb0140000 	C:\Windows\System32\RPCRT4.dll
0x00007ffeaeb20000 - 0x00007ffeaeb47000 	C:\Windows\System32\bcrypt.dll
0x00007ffeb05b0000 - 0x00007ffeb061b000 	C:\Windows\System32\WS2_32.dll
0x00007ffead8b0000 - 0x00007ffead8fb000 	C:\Windows\SYSTEM32\POWRPROF.dll
0x00007ffea6600000 - 0x00007ffea660a000 	C:\Windows\SYSTEM32\VERSION.dll
0x00007ffea2520000 - 0x00007ffea2547000 	C:\Windows\SYSTEM32\WINMM.dll
0x00007ffead720000 - 0x00007ffead732000 	C:\Windows\SYSTEM32\UMPDC.dll
0x00007ffeacaf0000 - 0x00007ffeacb02000 	C:\Windows\SYSTEM32\kernel.appcore.dll
0x00007ffe943b0000 - 0x00007ffe943ba000 	C:\Users\Dell\.jdks\corretto-21.0.9\bin\jimage.dll
0x00007ffeac7f0000 - 0x00007ffeac9f1000 	C:\Windows\SYSTEM32\DBGHELP.DLL
0x00007ffe86a90000 - 0x00007ffe86ac4000 	C:\Windows\SYSTEM32\dbgcore.DLL
0x00007ffeae810000 - 0x00007ffeae892000 	C:\Windows\System32\bcryptPrimitives.dll
0x00007ffe93e60000 - 0x00007ffe93e70000 	C:\Users\Dell\.jdks\corretto-21.0.9\bin\instrument.dll
0x00007ffe85c20000 - 0x00007ffe85c41000 	C:\Users\Dell\.jdks\corretto-21.0.9\bin\java.dll
0x00007ffeaf5a0000 - 0x00007ffeafd10000 	C:\Windows\System32\SHELL32.dll
0x00007ffeabdf0000 - 0x00007ffeac595000 	C:\Windows\SYSTEM32\windows.storage.dll
0x00007ffeb0700000 - 0x00007ffeb0a54000 	C:\Windows\System32\combase.dll
0x00007ffeadd50000 - 0x00007ffeadd7b000 	C:\Windows\SYSTEM32\Wldp.dll
0x00007ffeafdc0000 - 0x00007ffeafe8d000 	C:\Windows\System32\OLEAUT32.dll
0x00007ffeaf4f0000 - 0x00007ffeaf59d000 	C:\Windows\System32\SHCORE.dll
0x00007ffeafd10000 - 0x00007ffeafd6b000 	C:\Windows\System32\shlwapi.dll
0x00007ffeae250000 - 0x00007ffeae274000 	C:\Windows\SYSTEM32\profapi.dll
0x00007ffe62eb0000 - 0x00007ffe62f87000 	C:\Users\Dell\.jdks\corretto-21.0.9\bin\jsvml.dll
0x00007ffe80e20000 - 0x00007ffe80e38000 	C:\Users\Dell\.jdks\corretto-21.0.9\bin\zip.dll
0x00007ffe94390000 - 0x00007ffe943a1000 	C:\Users\Dell\.jdks\corretto-21.0.9\bin\net.dll
0x00007ffea4900000 - 0x00007ffea4a0a000 	C:\Windows\SYSTEM32\WINHTTP.dll
0x00007ffeadab0000 - 0x00007ffeadb1a000 	C:\Windows\system32\mswsock.dll
0x00007ffe80f50000 - 0x00007ffe80f66000 	C:\Users\Dell\.jdks\corretto-21.0.9\bin\nio.dll
0x00007ffe8cbd0000 - 0x00007ffe8cbd9000 	C:\Users\Dell\.jdks\corretto-21.0.9\bin\extnet.dll

JVMTI agents:
C:\Program Files\JetBrains\IntelliJ IDEA Community Edition 2025.2.5\lib\idea_rt.jar path:C:\Users\Dell\.jdks\corretto-21.0.9\bin\instrument.dll, loaded, initialized, instrumentlib options:49225

dbghelp: loaded successfully - version: 4.0.5 - missing functions: none
symbol engine: initialized successfully - sym options: 0x614 - pdb path: .;C:\Users\Dell\.jdks\corretto-21.0.9\bin;C:\Windows\SYSTEM32;C:\Windows\WinSxS\amd64_microsoft.windows.common-controls_6595b64144ccf1df_6.0.19041.6456_none_60b8a6cb71f64256;C:\Users\Dell\.jdks\corretto-21.0.9\bin\server

VM Arguments:
jvm_args: -javaagent:C:\Program Files\JetBrains\IntelliJ IDEA Community Edition 2025.2.5\lib\idea_rt.jar=49225 -Dfile.encoding=UTF-8 -Dsun.stdout.encoding=UTF-8 -Dsun.stderr.encoding=UTF-8 
java_command: com.coding.LearningRESTAPIs.LearningRestapIsApplication
java_class_path (initial): C:\WebDevelopment\web_development\Back_End\LearningRESTAPIs\LearningRESTAPIs\target\classes;C:\Users\Dell\.m2\repository\org\springframework\boot\spring-boot-starter-web\3.5.8\spring-boot-starter-web-3.5.8.jar;C:\Users\Dell\.m2\repository\org\springframework\boot\spring-boot-starter\3.5.8\spring-boot-starter-3.5.8.jar;C:\Users\Dell\.m2\repository\org\springframework\boot\spring-boot\3.5.8\spring-boot-3.5.8.jar;C:\Users\Dell\.m2\repository\org\springframework\boot\spring-boot-autoconfigure\3.5.8\spring-boot-autoconfigure-3.5.8.jar;C:\Users\Dell\.m2\repository\org\springframework\boot\spring-boot-starter-logging\3.5.8\spring-boot-starter-logging-3.5.8.jar;C:\Users\Dell\.m2\repository\ch\qos\logback\logback-classic\1.5.21\logback-classic-1.5.21.jar;C:\Users\Dell\.m2\repository\ch\qos\logback\logback-core\1.5.21\logback-core-1.5.21.jar;C:\Users\Dell\.m2\repository\org\apache\logging\log4j\log4j-to-slf4j\2.24.3\log4j-to-slf4j-2.24.3.jar;C:\Users\Dell\.m2\repository\org\apache\logging\log4j\log4j-api\2.24.3\log4j-api-2.24.3.jar;C:\Users\Dell\.m2\repository\org\slf4j\jul-to-slf4j\2.0.17\jul-to-slf4j-2.0.17.jar;C:\Users\Dell\.m2\repository\jakarta\annotation\jakarta.annotation-api\2.1.1\jakarta.annotation-api-2.1.1.jar;C:\Users\Dell\.m2\repository\org\yaml\snakeyaml\2.4\snakeyaml-2.4.jar;C:\Users\Dell\.m2\repository\org\springframework\boot\spring-boot-starter-json\3.5.8\spring-boot-starter-json-3.5.8.jar;C:\Users\Dell\.m2\repository\com\fasterxml\jackson\core\jackson-databind\2.19.4\jackson-databind-2.19.4.jar;C:\Users\Dell\.m2\repository\com\fasterxml\jackson\core\jackson-annotations\2.19.4\jackson-annotations-2.19.4.jar;C:\Users\Dell\.m2\repository\com\fasterxml\jackson\core\jackson-core\2.19.4\jackson-core-2.19.4.jar;C:\Users\Dell\.m2\repository\com\fasterxml\jackson\datatype\jackson-datatype-jdk8\2.19.4\jackson-datatype-jdk8-2.19.4.jar;C:\Users\Dell\.m2\repository\com\fasterxml\jackson\datatype\jackson-datatype-jsr310\2.19.4\jackson-datatype-jsr310-2.19.4.jar;C:\Users\Dell\.m2\repository\com\fasterxml\jackson\module\jackson-module-parameter-names\2.19.4\jackson-module-parameter-names-2.19.4.jar;C:\Users\Dell\.m2\repository\org\springframework\boot\spring-boot-starter-tomcat\3.5.8\spring-boot-starter-tomcat-3.5.8.jar;C:\Users\Dell\.m2\repository\org\apache\tomcat\embed\tomcat-embed-core\10.1.49\tomcat-embed-core-10.1.49.jar;C:\Users\Dell\.m2\repository\org\apache\tomcat\embed\tomcat-embed-el\10.1.49\tomcat-embed-el-10.1.49.jar;C:\Users\Dell\.m2\repository\org\apache\tomcat\embed\tomcat-embed-websocket\10.1.49\tomcat-embed-websocket-10.1.49.jar;C:\Users\Dell\.m2\repository\org\springframework\spring-web\6.2.14\spring-web-6.2.14.jar;C:\Users\Dell\.m2\repository\org\springframework\spring-beans\6.2.14\spring-beans-6.2.14.jar;C:\Users\Dell\.m2\repository\io\micrometer\micrometer-observation\1.15.6\micrometer-observation-1.15.6.jar;C:\Users\Dell\.m2\repository\io\micrometer\micrometer-commons\1.15.6\micrometer-commons-1.15.6.jar;C:\Users\Dell\.m2\repository\org\springframework\spring-webmvc\6.2.14\spring-webmvc-6.2.14.jar;C:\Users\Dell\.m2\repository\org\springframework\spring-aop\6.2.14\spring-aop-6.2.14.jar;C:\Users\Dell\.m2\repository\org\springframework\spring-context\6.2.14\spring-context-6.2.14.jar;C:\Users\Dell\.m2\repository\org\springframework\spring-expression\6.2.14\spring-expression-6.2.14.jar;C:\Users\Dell\.m2\repository\org\projectlombok\lombok\1.18.42\lombok-1.18.42.jar;C:\Users\Dell\.m2\repository\org\slf4j\slf4j-api\2.0.17\slf4j-api-2.0.17.jar;C:\Users\Dell\.m2\repository\jakarta\xml\bind\jakarta.xml.bind-api\4.0.4\jakarta.xml.bind-api-4.0.4.jar;C:\Users\Dell\.m2\repository\jakarta\activation\jakarta.activation-api\2.1.4\jakarta.activation-api-2.1.4.jar;C:\Users\Dell\.m2\repository\net\bytebuddy\byte-buddy\1.17.8\byte-buddy-1.17.8.jar;C:\Users\Dell\.m2\repository\org\springframework\spring-core\6.2.14\spring-core-6.2.14.jar;C:\Users\Dell\.m2\repository\org\springframework\spring-jcl\6.2.14\spring-jcl-6.2.14.jar;C:\Users\Dell\.m2\repository\org\postgresql\postgresql\42.7.8\postgresql-42.7.8.jar;C:\Users\Dell\.m2\repository\org\checkerframework\checker-qual\3.49.5\checker-qual-3.49.5.jar;C:\Users\Dell\.m2\repository\org\springframework\boot\spring-boot-starter-data-jpa\3.5.8\spring-boot-starter-data-jpa-3.5.8.jar;C:\Users\Dell\.m2\repository\org\springframework\boot\spring-boot-starter-jdbc\3.5.8\spring-boot-starter-jdbc-3.5.8.jar;C:\Users\Dell\.m2\repository\com\zaxxer\HikariCP\6.3.3\HikariCP-6.3.3.jar;C:\Users\Dell\.m2\repository\org\springframework\spring-jdbc\6.2.14\spring-jdbc-6.2.14.jar;C:\Users\Dell\.m2\repository\org\hibernate\orm\hibernate-core\6.6.36.Final\hibernate-core-6.6.36.Final.jar;C:\Users\Dell\.m2\repository\jakarta\persistence\jakarta.persistence-api\3.1.0\jakarta.persistence-api-3.1.0.jar;C:\Users\Dell\.m2\repository\jakarta\transaction\jakarta.transaction-api\2.0.1\jakarta.transaction-api-2.0.1.jar;C:\Users\Dell\.m2\repository\org\jboss\logging\jboss-logging\3.6.1.Final\jboss-logging-3.6.1.Final.jar;C:\Users\Dell\.m2\repository\org\hibernate\common\hibernate-commons-annotations\7.0.3.Final\hibernate-commons-annotations-7.0.3.Final.jar;C:\Users\Dell\.m2\repository\io\smallrye\jandex\3.2.0\jandex-3.2.0.jar;C:\Users\Dell\.m2\repository\com\fasterxml\classmate\1.7.1\classmate-1.7.1.jar;C:\Users\Dell\.m2\repository\org\glassfish\jaxb\jaxb-runtime\4.0.6\jaxb-runtime-4.0.6.jar;C:\Users\Dell\.m2\repository\org\glassfish\jaxb\jaxb-core\4.0.6\jaxb-core-4.0.6.jar;C:\Users\Dell\.m2\repository\org\eclipse\angus\angus-activation\2.0.3\angus-activation-2.0.3.jar;C:\Users\Dell\.m2\repository\org\glassfish\jaxb\txw2\4.0.6\txw2-4.0.6.jar;C:\Users\Dell\.m2\repository\com\sun\istack\istack-commons-runtime\4.1.2\istack-commons-runtime-4.1.2.jar;C:\Users\Dell\.m2\repository\jakarta\inject\jakarta.inject-api\2.0.1\jakarta.inject-api-2.0.1.jar;C:\Users\Dell\.m2\repository\org\antlr\antlr4-runtime\4.13.0\antlr4-runtime-4.13.0.jar;C:\Users\Dell\.m2\repository\org\springframework\data\spring-data-jpa\3.5.6\spring-data-jpa-3.5.6.jar;C:\Users\Dell\.m2\repository\org\springframework\data\spring-data-commons\3.5.6\spring-data-commons-3.5.6.jar;C:\Users\Dell\.m2\repository\org\springframework\spring-orm\6.2.14\spring-orm-6.2.14.jar;C:\Users\Dell\.m2\repository\org\springframework\spring-tx\6.2.14\spring-tx-6.2.14.jar;C:\Users\Dell\.m2\repository\org\springframework\spring-aspects\6.2.14\spring-aspects-6.2.14.jar;C:\Users\Dell\.m2\repository\org\aspectj\aspectjweaver\1.9.25\aspectjweaver-1.9.25.jar;C:\Users\Dell\.m2\repository\org\modelmapper\modelmapper\3.2.4\modelmapper-3.2.4.jar
Launcher Type: SUN_STANDARD

[Global flags]
     intx CICompilerCount                          = 4                                         {product} {ergonomic}
     uint ConcGCThreads                            = 2                                         {product} {ergonomic}
     uint G1ConcRefinementThreads                  = 8                                         {product} {ergonomic}
   size_t G1HeapRegionSize                         = 1048576                                   {product} {ergonomic}
    uintx GCDrainStackTargetSize                   = 64                                        {product} {ergonomic}
   size_t InitialHeapSize                          = 132120576                                 {product} {ergonomic}
   size_t MarkStackSize                            = 4194304                                   {product} {ergonomic}
   size_t MaxHeapSize                              = 2107637760                                {product} {ergonomic}
   size_t MaxNewSize                               = 1264582656                                {product} {ergonomic}
   size_t MinHeapDeltaBytes                        = 1048576                                   {product} {ergonomic}
   size_t MinHeapSize                              = 8388608                                   {product} {ergonomic}
    uintx NonNMethodCodeHeapSize                   = 5839372                                {pd product} {ergonomic}
    uintx NonProfiledCodeHeapSize                  = 122909434                              {pd product} {ergonomic}
    uintx ProfiledCodeHeapSize                     = 122909434                              {pd product} {ergonomic}
    uintx ReservedCodeCacheSize                    = 251658240                              {pd product} {ergonomic}
     bool SegmentedCodeCache                       = true                                      {product} {ergonomic}
   size_t SoftMaxHeapSize                          = 2107637760                             {manageable} {ergonomic}
     bool UseCompressedOops                        = true                           {product lp64_product} {ergonomic}
     bool UseG1GC                                  = true                                      {product} {ergonomic}
     bool UseLargePagesIndividualAllocation        = false                                  {pd product} {ergonomic}

Logging:
Log output configuration:
 #0: stdout all=warning uptime,level,tags foldmultilines=false
 #1: stderr all=off uptime,level,tags foldmultilines=false

Release file:
IMPLEMENTOR="Amazon.com Inc." 
IMPLEMENTOR_VERSION="Corretto-21.0.9.10.1" 
JAVA_RUNTIME_VERSION="21.0.9+10-LTS" 
JAVA_VERSION="21.0.9" 
JAVA_VERSION_DATE="2025-10-21" 
LIBC="default" 
MODULES="java.base java.compiler java.datatransfer java.xml java.prefs java.desktop java.instrument java.logging java.management java.security.sasl java.naming java.rmi java.management.rmi java.net.http java.scripting java.security.jgss java.transaction.xa java.sql java.sql.rowset java.xml.crypto java.se java.smartcardio jdk.accessibility jdk.internal.jvmstat jdk.attach jdk.charsets jdk.internal.opt jdk.zipfs jdk.compiler jdk.crypto.ec jdk.crypto.cryptoki jdk.crypto.mscapi jdk.dynalink jdk.internal.ed jdk.editpad jdk.hotspot.agent jdk.httpserver jdk.incubator.vector jdk.internal.le jdk.internal.vm.ci jdk.internal.vm.compiler jdk.internal.vm.compiler.management jdk.jartool jdk.javadoc jdk.jcmd jdk.management jdk.management.agent jdk.jconsole jdk.jdeps jdk.jdwp.agent jdk.jdi jdk.jfr jdk.jlink jdk.jpackage jdk.jshell jdk.jsobject jdk.jstatd jdk.localedata jdk.management.jfr jdk.naming.dns jdk.naming.rmi jdk.net jdk.nio.mapmode jdk.random jdk.sctp jdk.security.auth jdk.security.jgss jdk.unsupported jdk.unsupported.desktop jdk.xml.dom" 
OS_ARCH="x86_64" 
OS_NAME="Windows" 
SOURCE="" 

Environment Variables:
JAVA_HOME=C:\Program Files\Java\jdk-23
PATH=C:\Program Files\Python311\Scripts\;C:\Program Files\Python311\;C:\Program Files\Common Files\Oracle\Java\javapath;C:\Windows\system32;C:\Windows;C:\Windows\System32\Wbem;C:\Windows\System32\WindowsPowerShell\v1.0\;C:\Windows\System32\OpenSSH\;C:\Program Files\dotnet\;C:\Program Files\Java\jdk-23\bin;C:\Users\Dell\eclipse-workspace\JavaApplication\bin;C:\Program Files\MySQL\MySQL Server 8.0\bin;C:\mingw64\bin;C:\Program Files\Microsoft SQL Server\150\Tools\Binn\;C:\Program Files\Microsoft SQL Server\Client SDK\ODBC\170\Tools\Binn\;C:\ProgramData\chocolatey\bin;C:\Users\Dell\AppData\Roaming\nvm;C:\Program Files\nodejs;C:\Program Files (x86)\NVIDIA Corporation\PhysX\Common;C:\Program Files\NVIDIA Corporation\NVIDIA app\NvDLISR;C:\Program Files\Git\cmd;C:\Program Files\Apache\maven\apache-maven-3.9.11\bin;C:\mingw64\bin;C:\Users\Dell\AppData\Local\Programs\Microsoft VS Code\bin;C:\Program Files\JetBrains\IntelliJ IDEA Community Edition 2025.2.5\bin
USERNAME=Dell
OS=Windows_NT
PROCESSOR_IDENTIFIER=Intel64 Family 6 Model 158 Stepping 10, GenuineIntel
TMP=C:\Users\Dell\AppData\Local\Temp
TEMP=C:\Users\Dell\AppData\Local\Temp




Periodic native trim disabled

---------------  S Y S T E M  ---------------

OS:
 Windows 10 , 64 bit Build 19041 (10.0.19041.5915)
OS uptime: 0 days 22:23 hours

CPU: total 8 (initial active 8) (4 cores per cpu, 2 threads per core) family 6 model 158 stepping 10 microcode 0xf0, cx8, cmov, fxsr, ht, mmx, 3dnowpref, sse, sse2, sse3, ssse3, sse4.1, sse4.2, popcnt, lzcnt, tsc, tscinvbit, avx, avx2, aes, erms, clmul, bmi1, bmi2, adx, fma, vzeroupper, clflush, clflushopt, rdtscp, f16c
Processor Information for the first 8 processors :
  Max Mhz: 2304, Current Mhz: 2304, Mhz Limit: 2304

Memory: 4k page, system-wide physical 8037M (388M free)
TotalPageFile size 32613M (AvailPageFile size 0M)
current process WorkingSet (physical memory assigned to process): 66M, peak: 66M
current process commit charge ("private bytes"): 222M, peak: 222M

vm_info: OpenJDK 64-Bit Server VM (21.0.9+10-LTS) for windows-amd64 JRE (21.0.9+10-LTS), built on 2025-10-16T09:41:28Z by "Administrator" with unknown MS VC++:1944

END.
